{"D:\\cursos\\Node\\CashTracker\\backend\\src\\server.ts": {"path":"D:\\cursos\\Node\\CashTracker\\backend\\src\\server.ts","statementMap":{"0":{"start":{"line":10,"column":0},"end":{"line":10,"column":7}},"1":{"start":{"line":1,"column":0},"end":{"line":1,"column":29}},"2":{"start":{"line":3,"column":0},"end":{"line":3,"column":27}},"3":{"start":{"line":4,"column":0},"end":{"line":4,"column":32}},"4":{"start":{"line":5,"column":0},"end":{"line":5,"column":48}},"5":{"start":{"line":6,"column":0},"end":{"line":6,"column":44}},"6":{"start":{"line":11,"column":4},"end":{"line":20,"column":5}},"7":{"start":{"line":12,"column":8},"end":{"line":12,"column":null}},"8":{"start":{"line":13,"column":8},"end":{"line":13,"column":null}},"9":{"start":{"line":23,"column":0},"end":{"line":23,"column":null}},"10":{"start":{"line":25,"column":12},"end":{"line":25,"column":21}},"11":{"start":{"line":27,"column":0},"end":{"line":27,"column":null}},"12":{"start":{"line":29,"column":0},"end":{"line":29,"column":null}},"13":{"start":{"line":31,"column":0},"end":{"line":31,"column":56}},"14":{"start":{"line":32,"column":0},"end":{"line":32,"column":null}},"15":{"start":{"line":34,"column":0},"end":{"line":34,"column":null}}},"fnMap":{"0":{"name":"connectDB","decl":{"start":{"line":10,"column":22},"end":{"line":10,"column":31}},"loc":{"start":{"line":10,"column":31},"end":{"line":21,"column":1}}}},"branchMap":{},"s":{"0":1,"1":1,"2":1,"3":1,"4":1,"5":1,"6":1,"7":1,"8":1,"9":1,"10":1,"11":1,"12":1,"13":1,"14":1,"15":1},"f":{"0":1},"b":{}}
,"D:\\cursos\\Node\\CashTracker\\backend\\src\\config\\db.ts": {"path":"D:\\cursos\\Node\\CashTracker\\backend\\src\\config\\db.ts","statementMap":{"0":{"start":{"line":1,"column":0},"end":{"line":1,"column":49}},"1":{"start":{"line":2,"column":0},"end":{"line":2,"column":27}},"2":{"start":{"line":4,"column":0},"end":{"line":4,"column":null}},"3":{"start":{"line":6,"column":13},"end":{"line":17,"column":null}}},"fnMap":{},"branchMap":{},"s":{"0":1,"1":1,"2":1,"3":1},"f":{},"b":{}}
,"D:\\cursos\\Node\\CashTracker\\backend\\src\\config\\limiter.ts": {"path":"D:\\cursos\\Node\\CashTracker\\backend\\src\\config\\limiter.ts","statementMap":{"0":{"start":{"line":3,"column":0},"end":{"line":3,"column":45}},"1":{"start":{"line":6,"column":13},"end":{"line":10,"column":null}}},"fnMap":{},"branchMap":{"0":{"loc":{"start":{"line":8,"column":10},"end":{"line":8,"column":55}},"type":"cond-expr","locations":[{"start":{"line":8,"column":48},"end":{"line":8,"column":49}},{"start":{"line":8,"column":52},"end":{"line":8,"column":55}}]}},"s":{"0":1,"1":1},"f":{},"b":{"0":[0,1]}}
,"D:\\cursos\\Node\\CashTracker\\backend\\src\\config\\nodemailer.ts": {"path":"D:\\cursos\\Node\\CashTracker\\backend\\src\\config\\nodemailer.ts","statementMap":{"0":{"start":{"line":1,"column":0},"end":{"line":1,"column":36}},"1":{"start":{"line":2,"column":0},"end":{"line":2,"column":28}},"2":{"start":{"line":3,"column":0},"end":{"line":3,"column":null}},"3":{"start":{"line":6,"column":14},"end":{"line":15,"column":1}},"4":{"start":{"line":7,"column":4},"end":{"line":14,"column":null}},"5":{"start":{"line":17,"column":13},"end":{"line":17,"column":64}}},"fnMap":{"0":{"name":"(anonymous_1)","decl":{"start":{"line":6,"column":14},"end":{"line":6,"column":16}},"loc":{"start":{"line":6,"column":18},"end":{"line":15,"column":1}}}},"branchMap":{},"s":{"0":2,"1":2,"2":2,"3":2,"4":2,"5":2},"f":{"0":2},"b":{}}
,"D:\\cursos\\Node\\CashTracker\\backend\\src\\controllers\\AuthController.ts": {"path":"D:\\cursos\\Node\\CashTracker\\backend\\src\\controllers\\AuthController.ts","statementMap":{"0":{"start":{"line":2,"column":0},"end":{"line":2,"column":38}},"1":{"start":{"line":3,"column":0},"end":{"line":3,"column":75}},"2":{"start":{"line":4,"column":0},"end":{"line":4,"column":53}},"3":{"start":{"line":5,"column":0},"end":{"line":5,"column":42}},"4":{"start":{"line":9,"column":26},"end":{"line":47,"column":3}},"5":{"start":{"line":10,"column":32},"end":{"line":10,"column":40}},"6":{"start":{"line":12,"column":23},"end":{"line":12,"column":70}},"7":{"start":{"line":14,"column":4},"end":{"line":18,"column":5}},"8":{"start":{"line":15,"column":20},"end":{"line":15,"column":62}},"9":{"start":{"line":16,"column":6},"end":{"line":16,"column":53}},"10":{"start":{"line":17,"column":6},"end":{"line":17,"column":13}},"11":{"start":{"line":20,"column":4},"end":{"line":46,"column":5}},"12":{"start":{"line":21,"column":18},"end":{"line":21,"column":45}},"13":{"start":{"line":22,"column":6},"end":{"line":22,"column":51}},"14":{"start":{"line":23,"column":20},"end":{"line":23,"column":35}},"15":{"start":{"line":25,"column":6},"end":{"line":28,"column":7}},"16":{"start":{"line":27,"column":8},"end":{"line":27,"column":55}},"17":{"start":{"line":30,"column":6},"end":{"line":30,"column":23}},"18":{"start":{"line":35,"column":6},"end":{"line":39,"column":9}},"19":{"start":{"line":41,"column":6},"end":{"line":41,"column":24}},"20":{"start":{"line":43,"column":6},"end":{"line":43,"column":80}},"21":{"start":{"line":45,"column":6},"end":{"line":45,"column":45}},"22":{"start":{"line":49,"column":25},"end":{"line":70,"column":3}},"23":{"start":{"line":50,"column":22},"end":{"line":50,"column":30}},"24":{"start":{"line":51,"column":17},"end":{"line":55,"column":6}},"25":{"start":{"line":57,"column":4},"end":{"line":61,"column":5}},"26":{"start":{"line":58,"column":20},"end":{"line":58,"column":48}},"27":{"start":{"line":59,"column":6},"end":{"line":59,"column":53}},"28":{"start":{"line":60,"column":6},"end":{"line":60,"column":13}},"29":{"start":{"line":63,"column":4},"end":{"line":63,"column":26}},"30":{"start":{"line":64,"column":4},"end":{"line":64,"column":20}},"31":{"start":{"line":66,"column":4},"end":{"line":66,"column":22}},"32":{"start":{"line":67,"column":4},"end":{"line":67,"column":60}},"33":{"start":{"line":69,"column":4},"end":{"line":69,"column":22}},"34":{"start":{"line":72,"column":17},"end":{"line":107,"column":3}},"35":{"start":{"line":73,"column":4},"end":{"line":106,"column":5}},"36":{"start":{"line":74,"column":34},"end":{"line":74,"column":42}},"37":{"start":{"line":76,"column":19},"end":{"line":76,"column":66}},"38":{"start":{"line":78,"column":6},"end":{"line":82,"column":7}},"39":{"start":{"line":79,"column":22},"end":{"line":79,"column":56}},"40":{"start":{"line":80,"column":8},"end":{"line":80,"column":55}},"41":{"start":{"line":81,"column":8},"end":{"line":81,"column":15}},"42":{"start":{"line":84,"column":6},"end":{"line":88,"column":7}},"43":{"start":{"line":85,"column":22},"end":{"line":85,"column":66}},"44":{"start":{"line":86,"column":8},"end":{"line":86,"column":55}},"45":{"start":{"line":87,"column":8},"end":{"line":87,"column":15}},"46":{"start":{"line":90,"column":30},"end":{"line":90,"column":74}},"47":{"start":{"line":92,"column":6},"end":{"line":96,"column":7}},"48":{"start":{"line":93,"column":22},"end":{"line":93,"column":61}},"49":{"start":{"line":94,"column":8},"end":{"line":94,"column":55}},"50":{"start":{"line":95,"column":8},"end":{"line":95,"column":15}},"51":{"start":{"line":100,"column":27},"end":{"line":100,"column":46}},"52":{"start":{"line":102,"column":6},"end":{"line":102,"column":29}},"53":{"start":{"line":105,"column":6},"end":{"line":105,"column":55}},"54":{"start":{"line":109,"column":27},"end":{"line":130,"column":3}},"55":{"start":{"line":110,"column":4},"end":{"line":129,"column":5}},"56":{"start":{"line":111,"column":24},"end":{"line":111,"column":32}},"57":{"start":{"line":113,"column":19},"end":{"line":113,"column":66}},"58":{"start":{"line":114,"column":6},"end":{"line":118,"column":7}},"59":{"start":{"line":115,"column":22},"end":{"line":115,"column":75}},"60":{"start":{"line":116,"column":8},"end":{"line":116,"column":55}},"61":{"start":{"line":117,"column":8},"end":{"line":117,"column":15}},"62":{"start":{"line":121,"column":6},"end":{"line":121,"column":35}},"63":{"start":{"line":122,"column":6},"end":{"line":122,"column":24}},"64":{"start":{"line":125,"column":6},"end":{"line":125,"column":45}},"65":{"start":{"line":126,"column":6},"end":{"line":126,"column":61}},"66":{"start":{"line":128,"column":6},"end":{"line":128,"column":55}},"67":{"start":{"line":132,"column":25},"end":{"line":146,"column":3}},"68":{"start":{"line":133,"column":4},"end":{"line":145,"column":5}},"69":{"start":{"line":134,"column":24},"end":{"line":134,"column":32}},"70":{"start":{"line":135,"column":26},"end":{"line":135,"column":73}},"71":{"start":{"line":136,"column":6},"end":{"line":140,"column":7}},"72":{"start":{"line":137,"column":22},"end":{"line":137,"column":50}},"73":{"start":{"line":138,"column":8},"end":{"line":138,"column":55}},"74":{"start":{"line":139,"column":8},"end":{"line":139,"column":15}},"75":{"start":{"line":142,"column":6},"end":{"line":142,"column":58}},"76":{"start":{"line":144,"column":6},"end":{"line":144,"column":55}},"77":{"start":{"line":148,"column":35},"end":{"line":167,"column":3}},"78":{"start":{"line":149,"column":4},"end":{"line":166,"column":5}},"79":{"start":{"line":150,"column":24},"end":{"line":150,"column":34}},"80":{"start":{"line":152,"column":19},"end":{"line":152,"column":66}},"81":{"start":{"line":153,"column":6},"end":{"line":157,"column":7}},"82":{"start":{"line":154,"column":22},"end":{"line":154,"column":50}},"83":{"start":{"line":155,"column":8},"end":{"line":155,"column":55}},"84":{"start":{"line":156,"column":8},"end":{"line":156,"column":15}},"85":{"start":{"line":159,"column":6},"end":{"line":159,"column":60}},"86":{"start":{"line":160,"column":6},"end":{"line":160,"column":22}},"87":{"start":{"line":161,"column":6},"end":{"line":161,"column":24}},"88":{"start":{"line":163,"column":6},"end":{"line":163,"column":56}},"89":{"start":{"line":165,"column":6},"end":{"line":165,"column":55}},"90":{"start":{"line":169,"column":16},"end":{"line":171,"column":3}},"91":{"start":{"line":170,"column":7},"end":{"line":170,"column":null}},"92":{"start":{"line":173,"column":33},"end":{"line":191,"column":3}},"93":{"start":{"line":174,"column":44},"end":{"line":174,"column":52}},"94":{"start":{"line":175,"column":18},"end":{"line":175,"column":26}},"95":{"start":{"line":177,"column":20},"end":{"line":177,"column":43}},"96":{"start":{"line":179,"column":33},"end":{"line":179,"column":84}},"97":{"start":{"line":180,"column":7},"end":{"line":184,"column":8}},"98":{"start":{"line":181,"column":24},"end":{"line":181,"column":69}},"99":{"start":{"line":182,"column":10},"end":{"line":182,"column":null}},"100":{"start":{"line":183,"column":10},"end":{"line":183,"column":16}},"101":{"start":{"line":186,"column":7},"end":{"line":186,"column":null}},"102":{"start":{"line":187,"column":7},"end":{"line":187,"column":null}},"103":{"start":{"line":189,"column":7},"end":{"line":189,"column":null}},"104":{"start":{"line":192,"column":23},"end":{"line":207,"column":3}},"105":{"start":{"line":193,"column":24},"end":{"line":193,"column":32}},"106":{"start":{"line":194,"column":15},"end":{"line":194,"column":23}},"107":{"start":{"line":196,"column":17},"end":{"line":196,"column":40}},"108":{"start":{"line":198,"column":30},"end":{"line":198,"column":73}},"109":{"start":{"line":199,"column":4},"end":{"line":203,"column":5}},"110":{"start":{"line":200,"column":21},"end":{"line":200,"column":66}},"111":{"start":{"line":201,"column":7},"end":{"line":201,"column":null}},"112":{"start":{"line":202,"column":7},"end":{"line":202,"column":13}},"113":{"start":{"line":206,"column":4},"end":{"line":206,"column":null}},"114":{"start":{"line":8,"column":0},"end":{"line":8,"column":13}}},"fnMap":{"0":{"name":"(anonymous_0)","decl":{"start":{"line":9,"column":26},"end":{"line":9,"column":31}},"loc":{"start":{"line":9,"column":64},"end":{"line":47,"column":3}}},"1":{"name":"(anonymous_1)","decl":{"start":{"line":49,"column":25},"end":{"line":49,"column":30}},"loc":{"start":{"line":49,"column":63},"end":{"line":70,"column":3}}},"2":{"name":"(anonymous_2)","decl":{"start":{"line":72,"column":17},"end":{"line":72,"column":22}},"loc":{"start":{"line":72,"column":55},"end":{"line":107,"column":3}}},"3":{"name":"(anonymous_3)","decl":{"start":{"line":109,"column":27},"end":{"line":109,"column":32}},"loc":{"start":{"line":109,"column":65},"end":{"line":130,"column":3}}},"4":{"name":"(anonymous_4)","decl":{"start":{"line":132,"column":25},"end":{"line":132,"column":30}},"loc":{"start":{"line":132,"column":63},"end":{"line":146,"column":3}}},"5":{"name":"(anonymous_5)","decl":{"start":{"line":148,"column":35},"end":{"line":148,"column":40}},"loc":{"start":{"line":148,"column":73},"end":{"line":167,"column":3}}},"6":{"name":"(anonymous_6)","decl":{"start":{"line":169,"column":16},"end":{"line":169,"column":21}},"loc":{"start":{"line":169,"column":54},"end":{"line":171,"column":3}}},"7":{"name":"(anonymous_7)","decl":{"start":{"line":173,"column":33},"end":{"line":173,"column":38}},"loc":{"start":{"line":173,"column":71},"end":{"line":191,"column":3}}},"8":{"name":"(anonymous_8)","decl":{"start":{"line":192,"column":23},"end":{"line":192,"column":28}},"loc":{"start":{"line":192,"column":60},"end":{"line":207,"column":3}}}},"branchMap":{"0":{"loc":{"start":{"line":14,"column":4},"end":{"line":18,"column":5}},"type":"if","locations":[{"start":{"line":14,"column":4},"end":{"line":18,"column":5}}]},"1":{"loc":{"start":{"line":25,"column":6},"end":{"line":28,"column":7}},"type":"if","locations":[{"start":{"line":25,"column":6},"end":{"line":28,"column":7}}]},"2":{"loc":{"start":{"line":57,"column":4},"end":{"line":61,"column":5}},"type":"if","locations":[{"start":{"line":57,"column":4},"end":{"line":61,"column":5}}]},"3":{"loc":{"start":{"line":78,"column":6},"end":{"line":82,"column":7}},"type":"if","locations":[{"start":{"line":78,"column":6},"end":{"line":82,"column":7}}]},"4":{"loc":{"start":{"line":84,"column":6},"end":{"line":88,"column":7}},"type":"if","locations":[{"start":{"line":84,"column":6},"end":{"line":88,"column":7}}]},"5":{"loc":{"start":{"line":92,"column":6},"end":{"line":96,"column":7}},"type":"if","locations":[{"start":{"line":92,"column":6},"end":{"line":96,"column":7}}]},"6":{"loc":{"start":{"line":114,"column":6},"end":{"line":118,"column":7}},"type":"if","locations":[{"start":{"line":114,"column":6},"end":{"line":118,"column":7}}]},"7":{"loc":{"start":{"line":136,"column":6},"end":{"line":140,"column":7}},"type":"if","locations":[{"start":{"line":136,"column":6},"end":{"line":140,"column":7}}]},"8":{"loc":{"start":{"line":153,"column":6},"end":{"line":157,"column":7}},"type":"if","locations":[{"start":{"line":153,"column":6},"end":{"line":157,"column":7}}]},"9":{"loc":{"start":{"line":180,"column":7},"end":{"line":184,"column":8}},"type":"if","locations":[{"start":{"line":180,"column":7},"end":{"line":184,"column":8}}]},"10":{"loc":{"start":{"line":199,"column":4},"end":{"line":203,"column":5}},"type":"if","locations":[{"start":{"line":199,"column":4},"end":{"line":203,"column":5}}]}},"s":{"0":2,"1":2,"2":2,"3":2,"4":2,"5":4,"6":4,"7":4,"8":2,"9":2,"10":2,"11":2,"12":2,"13":2,"14":2,"15":2,"16":2,"17":2,"18":2,"19":2,"20":2,"21":0,"22":2,"23":2,"24":2,"25":2,"26":1,"27":1,"28":1,"29":1,"30":1,"31":1,"32":1,"33":1,"34":2,"35":15,"36":15,"37":15,"38":15,"39":2,"40":2,"41":2,"42":13,"43":4,"44":4,"45":4,"46":9,"47":9,"48":2,"49":2,"50":2,"51":7,"52":7,"53":0,"54":2,"55":0,"56":0,"57":0,"58":0,"59":0,"60":0,"61":0,"62":0,"63":0,"64":0,"65":0,"66":0,"67":2,"68":0,"69":0,"70":0,"71":0,"72":0,"73":0,"74":0,"75":0,"76":0,"77":2,"78":0,"79":0,"80":0,"81":0,"82":0,"83":0,"84":0,"85":0,"86":0,"87":0,"88":0,"89":0,"90":2,"91":0,"92":2,"93":0,"94":0,"95":0,"96":0,"97":0,"98":0,"99":0,"100":0,"101":0,"102":0,"103":0,"104":2,"105":0,"106":0,"107":0,"108":0,"109":0,"110":0,"111":0,"112":0,"113":0,"114":2},"f":{"0":4,"1":2,"2":15,"3":0,"4":0,"5":0,"6":0,"7":0,"8":0},"b":{"0":[2],"1":[2],"2":[1],"3":[2],"4":[4],"5":[2],"6":[0],"7":[0],"8":[0],"9":[0],"10":[0]}}
,"D:\\cursos\\Node\\CashTracker\\backend\\src\\controllers\\BudgetController.ts": {"path":"D:\\cursos\\Node\\CashTracker\\backend\\src\\controllers\\BudgetController.ts","statementMap":{"0":{"start":{"line":2,"column":0},"end":{"line":2,"column":38}},"1":{"start":{"line":3,"column":0},"end":{"line":3,"column":40}},"2":{"start":{"line":6,"column":18},"end":{"line":24,"column":3}},"3":{"start":{"line":8,"column":4},"end":{"line":23,"column":5}},"4":{"start":{"line":9,"column":22},"end":{"line":16,"column":8}},"5":{"start":{"line":18,"column":6},"end":{"line":18,"column":24}},"6":{"start":{"line":22,"column":7},"end":{"line":22,"column":56}},"7":{"start":{"line":26,"column":18},"end":{"line":39,"column":3}},"8":{"start":{"line":27,"column":4},"end":{"line":38,"column":5}},"9":{"start":{"line":28,"column":21},"end":{"line":28,"column":51}},"10":{"start":{"line":31,"column":6},"end":{"line":31,"column":33}},"11":{"start":{"line":32,"column":6},"end":{"line":32,"column":26}},"12":{"start":{"line":34,"column":6},"end":{"line":34,"column":63}},"13":{"start":{"line":37,"column":6},"end":{"line":37,"column":55}},"14":{"start":{"line":40,"column":19},"end":{"line":49,"column":3}},"15":{"start":{"line":44,"column":19},"end":{"line":46,"column":6}},"16":{"start":{"line":48,"column":4},"end":{"line":48,"column":21}},"17":{"start":{"line":51,"column":23},"end":{"line":55,"column":3}},"18":{"start":{"line":53,"column":4},"end":{"line":53,"column":38}},"19":{"start":{"line":54,"column":4},"end":{"line":54,"column":54}},"20":{"start":{"line":56,"column":22},"end":{"line":64,"column":3}},"21":{"start":{"line":57,"column":4},"end":{"line":63,"column":5}},"22":{"start":{"line":58,"column":6},"end":{"line":58,"column":33}},"23":{"start":{"line":60,"column":6},"end":{"line":60,"column":40}},"24":{"start":{"line":62,"column":6},"end":{"line":62,"column":55}},"25":{"start":{"line":5,"column":0},"end":{"line":5,"column":13}}},"fnMap":{"0":{"name":"(anonymous_1)","decl":{"start":{"line":6,"column":18},"end":{"line":6,"column":23}},"loc":{"start":{"line":6,"column":56},"end":{"line":24,"column":3}}},"1":{"name":"(anonymous_2)","decl":{"start":{"line":26,"column":18},"end":{"line":26,"column":23}},"loc":{"start":{"line":26,"column":56},"end":{"line":39,"column":3}}},"2":{"name":"(anonymous_3)","decl":{"start":{"line":40,"column":19},"end":{"line":40,"column":24}},"loc":{"start":{"line":40,"column":57},"end":{"line":49,"column":3}}},"3":{"name":"(anonymous_4)","decl":{"start":{"line":51,"column":23},"end":{"line":51,"column":28}},"loc":{"start":{"line":51,"column":61},"end":{"line":55,"column":3}}},"4":{"name":"(anonymous_5)","decl":{"start":{"line":56,"column":22},"end":{"line":56,"column":27}},"loc":{"start":{"line":56,"column":60},"end":{"line":64,"column":3}}}},"branchMap":{},"s":{"0":2,"1":2,"2":2,"3":5,"4":5,"5":4,"6":1,"7":2,"8":3,"9":3,"10":2,"11":2,"12":2,"13":1,"14":2,"15":3,"16":3,"17":2,"18":2,"19":2,"20":2,"21":3,"22":3,"23":2,"24":1,"25":2},"f":{"0":5,"1":3,"2":3,"3":2,"4":3},"b":{}}
,"D:\\cursos\\Node\\CashTracker\\backend\\src\\controllers\\ExpenseController.ts": {"path":"D:\\cursos\\Node\\CashTracker\\backend\\src\\controllers\\ExpenseController.ts","statementMap":{"0":{"start":{"line":2,"column":0},"end":{"line":2,"column":40}},"1":{"start":{"line":5,"column":18},"end":{"line":11,"column":3}},"2":{"start":{"line":6,"column":21},"end":{"line":8,"column":6}},"3":{"start":{"line":10,"column":4},"end":{"line":10,"column":35}},"4":{"start":{"line":13,"column":18},"end":{"line":25,"column":3}},"5":{"start":{"line":14,"column":4},"end":{"line":24,"column":5}},"6":{"start":{"line":15,"column":22},"end":{"line":15,"column":52}},"7":{"start":{"line":18,"column":6},"end":{"line":18,"column":39}},"8":{"start":{"line":19,"column":6},"end":{"line":19,"column":27}},"9":{"start":{"line":20,"column":6},"end":{"line":20,"column":59}},"10":{"start":{"line":23,"column":6},"end":{"line":23,"column":57}},"11":{"start":{"line":27,"column":19},"end":{"line":29,"column":3}},"12":{"start":{"line":28,"column":4},"end":{"line":28,"column":38}},"13":{"start":{"line":31,"column":22},"end":{"line":34,"column":3}},"14":{"start":{"line":32,"column":8},"end":{"line":32,"column":null}},"15":{"start":{"line":33,"column":8},"end":{"line":33,"column":null}},"16":{"start":{"line":36,"column":21},"end":{"line":43,"column":3}},"17":{"start":{"line":37,"column":4},"end":{"line":42,"column":5}},"18":{"start":{"line":38,"column":6},"end":{"line":38,"column":34}},"19":{"start":{"line":39,"column":6},"end":{"line":39,"column":42}},"20":{"start":{"line":41,"column":6},"end":{"line":41,"column":57}},"21":{"start":{"line":4,"column":0},"end":{"line":4,"column":13}}},"fnMap":{"0":{"name":"(anonymous_1)","decl":{"start":{"line":5,"column":18},"end":{"line":5,"column":23}},"loc":{"start":{"line":5,"column":56},"end":{"line":11,"column":3}}},"1":{"name":"(anonymous_2)","decl":{"start":{"line":13,"column":18},"end":{"line":13,"column":23}},"loc":{"start":{"line":13,"column":56},"end":{"line":25,"column":3}}},"2":{"name":"(anonymous_3)","decl":{"start":{"line":27,"column":19},"end":{"line":27,"column":24}},"loc":{"start":{"line":27,"column":57},"end":{"line":29,"column":3}}},"3":{"name":"(anonymous_4)","decl":{"start":{"line":31,"column":22},"end":{"line":31,"column":27}},"loc":{"start":{"line":31,"column":60},"end":{"line":34,"column":3}}},"4":{"name":"(anonymous_5)","decl":{"start":{"line":36,"column":21},"end":{"line":36,"column":26}},"loc":{"start":{"line":36,"column":59},"end":{"line":43,"column":3}}}},"branchMap":{},"s":{"0":2,"1":2,"2":0,"3":0,"4":2,"5":2,"6":2,"7":1,"8":1,"9":1,"10":1,"11":2,"12":1,"13":2,"14":1,"15":1,"16":2,"17":1,"18":1,"19":1,"20":0,"21":2},"f":{"0":0,"1":2,"2":1,"3":1,"4":1},"b":{}}
,"D:\\cursos\\Node\\CashTracker\\backend\\src\\middleware\\auth.ts": {"path":"D:\\cursos\\Node\\CashTracker\\backend\\src\\middleware\\auth.ts","statementMap":{"0":{"start":{"line":2,"column":0},"end":{"line":2,"column":38}},"1":{"start":{"line":3,"column":0},"end":{"line":3,"column":31}},"2":{"start":{"line":13,"column":26},"end":{"line":42,"column":1}},"3":{"start":{"line":14,"column":21},"end":{"line":14,"column":46}},"4":{"start":{"line":15,"column":8},"end":{"line":19,"column":9}},"5":{"start":{"line":16,"column":24},"end":{"line":16,"column":50}},"6":{"start":{"line":17,"column":10},"end":{"line":17,"column":57}},"7":{"start":{"line":18,"column":10},"end":{"line":18,"column":17}},"8":{"start":{"line":21,"column":26},"end":{"line":21,"column":43}},"9":{"start":{"line":23,"column":8},"end":{"line":27,"column":9}},"10":{"start":{"line":24,"column":24},"end":{"line":24,"column":52}},"11":{"start":{"line":25,"column":10},"end":{"line":25,"column":57}},"12":{"start":{"line":26,"column":10},"end":{"line":26,"column":17}},"13":{"start":{"line":29,"column":8},"end":{"line":41,"column":9}},"14":{"start":{"line":31,"column":25},"end":{"line":31,"column":66}},"15":{"start":{"line":33,"column":10},"end":{"line":38,"column":11}},"16":{"start":{"line":34,"column":13},"end":{"line":36,"column":15}},"17":{"start":{"line":37,"column":12},"end":{"line":37,"column":null}},"18":{"start":{"line":40,"column":10},"end":{"line":40,"column":61}},"19":{"start":{"line":13,"column":13},"end":{"line":13,"column":26}}},"fnMap":{"0":{"name":"(anonymous_1)","decl":{"start":{"line":13,"column":26},"end":{"line":13,"column":31}},"loc":{"start":{"line":13,"column":83},"end":{"line":42,"column":1}}}},"branchMap":{"0":{"loc":{"start":{"line":15,"column":8},"end":{"line":19,"column":9}},"type":"if","locations":[{"start":{"line":15,"column":8},"end":{"line":19,"column":9}}]},"1":{"loc":{"start":{"line":23,"column":8},"end":{"line":27,"column":9}},"type":"if","locations":[{"start":{"line":23,"column":8},"end":{"line":27,"column":9}}]},"2":{"loc":{"start":{"line":33,"column":10},"end":{"line":38,"column":11}},"type":"if","locations":[{"start":{"line":33,"column":10},"end":{"line":38,"column":11}}]},"3":{"loc":{"start":{"line":33,"column":14},"end":{"line":33,"column":53}},"type":"binary-expr","locations":[{"start":{"line":33,"column":14},"end":{"line":33,"column":40}},{"start":{"line":33,"column":44},"end":{"line":33,"column":53}}]}},"s":{"0":1,"1":1,"2":1,"3":16,"4":16,"5":5,"6":5,"7":5,"8":11,"9":11,"10":0,"11":0,"12":0,"13":11,"14":11,"15":10,"16":10,"17":10,"18":1,"19":1},"f":{"0":16},"b":{"0":[5],"1":[0],"2":[10],"3":[10,10]}}
,"D:\\cursos\\Node\\CashTracker\\backend\\src\\middleware\\existBuget.ts": {"path":"D:\\cursos\\Node\\CashTracker\\backend\\src\\middleware\\existBuget.ts","statementMap":{"0":{"start":{"line":2,"column":0},"end":{"line":2,"column":37}},"1":{"start":{"line":3,"column":0},"end":{"line":3,"column":65}},"2":{"start":{"line":16,"column":28},"end":{"line":32,"column":1}},"3":{"start":{"line":17,"column":23},"end":{"line":17,"column":33}},"4":{"start":{"line":18,"column":8},"end":{"line":31,"column":9}},"5":{"start":{"line":19,"column":26},"end":{"line":19,"column":57}},"6":{"start":{"line":21,"column":12},"end":{"line":25,"column":13}},"7":{"start":{"line":22,"column":30},"end":{"line":22,"column":68}},"8":{"start":{"line":23,"column":16},"end":{"line":23,"column":61}},"9":{"start":{"line":24,"column":16},"end":{"line":24,"column":22}},"10":{"start":{"line":26,"column":12},"end":{"line":26,"column":null}},"11":{"start":{"line":27,"column":12},"end":{"line":27,"column":null}},"12":{"start":{"line":30,"column":12},"end":{"line":30,"column":59}},"13":{"start":{"line":16,"column":13},"end":{"line":16,"column":28}},"14":{"start":{"line":35,"column":24},"end":{"line":43,"column":1}},"15":{"start":{"line":37,"column":4},"end":{"line":41,"column":5}},"16":{"start":{"line":38,"column":22},"end":{"line":38,"column":51}},"17":{"start":{"line":39,"column":8},"end":{"line":39,"column":null}},"18":{"start":{"line":40,"column":8},"end":{"line":40,"column":14}},"19":{"start":{"line":42,"column":4},"end":{"line":42,"column":null}},"20":{"start":{"line":35,"column":13},"end":{"line":35,"column":24}},"21":{"start":{"line":45,"column":25},"end":{"line":59,"column":1}},"22":{"start":{"line":46,"column":4},"end":{"line":50,"column":null}},"23":{"start":{"line":49,"column":27},"end":{"line":49,"column":36}},"24":{"start":{"line":52,"column":22},"end":{"line":52,"column":43}},"25":{"start":{"line":53,"column":12},"end":{"line":56,"column":13}},"26":{"start":{"line":54,"column":17},"end":{"line":54,"column":null}},"27":{"start":{"line":55,"column":17},"end":{"line":55,"column":23}},"28":{"start":{"line":57,"column":8},"end":{"line":57,"column":null}},"29":{"start":{"line":45,"column":13},"end":{"line":45,"column":25}},"30":{"start":{"line":61,"column":35},"end":{"line":74,"column":1}},"31":{"start":{"line":62,"column":6},"end":{"line":64,"column":null}},"32":{"start":{"line":65,"column":6},"end":{"line":71,"column":null}},"33":{"start":{"line":70,"column":28},"end":{"line":70,"column":37}},"34":{"start":{"line":73,"column":8},"end":{"line":73,"column":null}},"35":{"start":{"line":61,"column":13},"end":{"line":61,"column":35}}},"fnMap":{"0":{"name":"(anonymous_1)","decl":{"start":{"line":16,"column":28},"end":{"line":16,"column":33}},"loc":{"start":{"line":16,"column":81},"end":{"line":32,"column":1}}},"1":{"name":"(anonymous_2)","decl":{"start":{"line":35,"column":24},"end":{"line":35,"column":25}},"loc":{"start":{"line":35,"column":75},"end":{"line":43,"column":1}}},"2":{"name":"(anonymous_3)","decl":{"start":{"line":45,"column":25},"end":{"line":45,"column":30}},"loc":{"start":{"line":45,"column":83},"end":{"line":59,"column":1}}},"3":{"name":"(anonymous_4)","decl":{"start":{"line":49,"column":16},"end":{"line":49,"column":17}},"loc":{"start":{"line":49,"column":27},"end":{"line":49,"column":36}}},"4":{"name":"(anonymous_5)","decl":{"start":{"line":61,"column":35},"end":{"line":61,"column":40}},"loc":{"start":{"line":61,"column":92},"end":{"line":74,"column":1}}},"5":{"name":"(anonymous_6)","decl":{"start":{"line":70,"column":17},"end":{"line":70,"column":18}},"loc":{"start":{"line":70,"column":28},"end":{"line":70,"column":37}}}},"branchMap":{"0":{"loc":{"start":{"line":21,"column":12},"end":{"line":25,"column":13}},"type":"if","locations":[{"start":{"line":21,"column":12},"end":{"line":25,"column":13}}]},"1":{"loc":{"start":{"line":37,"column":4},"end":{"line":41,"column":5}},"type":"if","locations":[{"start":{"line":37,"column":4},"end":{"line":41,"column":5}}]},"2":{"loc":{"start":{"line":53,"column":12},"end":{"line":56,"column":13}},"type":"if","locations":[{"start":{"line":53,"column":12},"end":{"line":56,"column":13}}]}},"s":{"0":3,"1":3,"2":3,"3":9,"4":9,"5":9,"6":8,"7":3,"8":3,"9":3,"10":5,"11":5,"12":1,"13":3,"14":3,"15":7,"16":2,"17":2,"18":2,"19":5,"20":3,"21":3,"22":7,"23":7,"24":7,"25":7,"26":1,"27":1,"28":6,"29":3,"30":3,"31":4,"32":4,"33":4,"34":4,"35":3},"f":{"0":9,"1":7,"2":7,"3":7,"4":4,"5":4},"b":{"0":[3],"1":[2],"2":[1]}}
,"D:\\cursos\\Node\\CashTracker\\backend\\src\\middleware\\expense.ts": {"path":"D:\\cursos\\Node\\CashTracker\\backend\\src\\middleware\\expense.ts","statementMap":{"0":{"start":{"line":2,"column":0},"end":{"line":2,"column":65}},"1":{"start":{"line":3,"column":0},"end":{"line":3,"column":39}},"2":{"start":{"line":16,"column":28},"end":{"line":33,"column":1}},"3":{"start":{"line":18,"column":3},"end":{"line":31,"column":4}},"4":{"start":{"line":19,"column":27},"end":{"line":19,"column":37}},"5":{"start":{"line":20,"column":22},"end":{"line":20,"column":56}},"6":{"start":{"line":22,"column":6},"end":{"line":25,"column":7}},"7":{"start":{"line":23,"column":9},"end":{"line":23,"column":null}},"8":{"start":{"line":24,"column":9},"end":{"line":24,"column":15}},"9":{"start":{"line":26,"column":6},"end":{"line":26,"column":null}},"10":{"start":{"line":27,"column":6},"end":{"line":27,"column":null}},"11":{"start":{"line":30,"column":6},"end":{"line":30,"column":null}},"12":{"start":{"line":16,"column":13},"end":{"line":16,"column":28}},"13":{"start":{"line":35,"column":36},"end":{"line":54,"column":1}},"14":{"start":{"line":36,"column":4},"end":{"line":38,"column":null}},"15":{"start":{"line":39,"column":4},"end":{"line":45,"column":null}},"16":{"start":{"line":44,"column":26},"end":{"line":44,"column":35}},"17":{"start":{"line":47,"column":20},"end":{"line":47,"column":41}},"18":{"start":{"line":48,"column":7},"end":{"line":51,"column":8}},"19":{"start":{"line":49,"column":12},"end":{"line":49,"column":null}},"20":{"start":{"line":50,"column":12},"end":{"line":50,"column":18}},"21":{"start":{"line":52,"column":7},"end":{"line":52,"column":null}},"22":{"start":{"line":35,"column":13},"end":{"line":35,"column":36}},"23":{"start":{"line":56,"column":32},"end":{"line":65,"column":1}},"24":{"start":{"line":57,"column":3},"end":{"line":57,"column":null}},"25":{"start":{"line":57,"column":52},"end":{"line":57,"column":60}},"26":{"start":{"line":59,"column":15},"end":{"line":59,"column":36}},"27":{"start":{"line":60,"column":3},"end":{"line":63,"column":4}},"28":{"start":{"line":61,"column":6},"end":{"line":61,"column":null}},"29":{"start":{"line":62,"column":6},"end":{"line":62,"column":12}},"30":{"start":{"line":64,"column":3},"end":{"line":64,"column":null}},"31":{"start":{"line":56,"column":13},"end":{"line":56,"column":32}}},"fnMap":{"0":{"name":"(anonymous_1)","decl":{"start":{"line":16,"column":28},"end":{"line":16,"column":33}},"loc":{"start":{"line":16,"column":85},"end":{"line":33,"column":1}}},"1":{"name":"(anonymous_2)","decl":{"start":{"line":35,"column":36},"end":{"line":35,"column":41}},"loc":{"start":{"line":35,"column":93},"end":{"line":54,"column":1}}},"2":{"name":"(anonymous_3)","decl":{"start":{"line":44,"column":15},"end":{"line":44,"column":16}},"loc":{"start":{"line":44,"column":26},"end":{"line":44,"column":35}}},"3":{"name":"(anonymous_4)","decl":{"start":{"line":56,"column":32},"end":{"line":56,"column":37}},"loc":{"start":{"line":56,"column":90},"end":{"line":65,"column":1}}},"4":{"name":"(anonymous_5)","decl":{"start":{"line":57,"column":44},"end":{"line":57,"column":49}},"loc":{"start":{"line":57,"column":52},"end":{"line":57,"column":60}}}},"branchMap":{"0":{"loc":{"start":{"line":22,"column":6},"end":{"line":25,"column":7}},"type":"if","locations":[{"start":{"line":22,"column":6},"end":{"line":25,"column":7}}]},"1":{"loc":{"start":{"line":48,"column":7},"end":{"line":51,"column":8}},"type":"if","locations":[{"start":{"line":48,"column":7},"end":{"line":51,"column":8}}]},"2":{"loc":{"start":{"line":60,"column":3},"end":{"line":63,"column":4}},"type":"if","locations":[{"start":{"line":60,"column":3},"end":{"line":63,"column":4}}]}},"s":{"0":2,"1":2,"2":2,"3":3,"4":3,"5":3,"6":2,"7":1,"8":1,"9":1,"10":1,"11":1,"12":2,"13":2,"14":0,"15":0,"16":0,"17":0,"18":0,"19":0,"20":0,"21":0,"22":2,"23":2,"24":0,"25":0,"26":0,"27":0,"28":0,"29":0,"30":0,"31":2},"f":{"0":3,"1":0,"2":0,"3":0,"4":0},"b":{"0":[1],"1":[0],"2":[0]}}
,"D:\\cursos\\Node\\CashTracker\\backend\\src\\middleware\\validation.ts": {"path":"D:\\cursos\\Node\\CashTracker\\backend\\src\\middleware\\validation.ts","statementMap":{"0":{"start":{"line":2,"column":0},"end":{"line":2,"column":52}},"1":{"start":{"line":4,"column":33},"end":{"line":11,"column":1}},"2":{"start":{"line":5,"column":17},"end":{"line":5,"column":38}},"3":{"start":{"line":6,"column":4},"end":{"line":9,"column":5}},"4":{"start":{"line":7,"column":9},"end":{"line":7,"column":null}},"5":{"start":{"line":8,"column":9},"end":{"line":8,"column":15}},"6":{"start":{"line":10,"column":4},"end":{"line":10,"column":null}},"7":{"start":{"line":4,"column":13},"end":{"line":4,"column":33}}},"fnMap":{"0":{"name":"(anonymous_0)","decl":{"start":{"line":4,"column":33},"end":{"line":4,"column":34}},"loc":{"start":{"line":4,"column":85},"end":{"line":11,"column":1}}}},"branchMap":{"0":{"loc":{"start":{"line":6,"column":4},"end":{"line":9,"column":5}},"type":"if","locations":[{"start":{"line":6,"column":4},"end":{"line":9,"column":5}}]}},"s":{"0":1,"1":1,"2":27,"3":27,"4":8,"5":8,"6":19,"7":1},"f":{"0":27},"b":{"0":[8]}}
,"D:\\cursos\\Node\\CashTracker\\backend\\src\\models\\Budget.ts": {"path":"D:\\cursos\\Node\\CashTracker\\backend\\src\\models\\Budget.ts","statementMap":{"0":{"start":{"line":1,"column":0},"end":{"line":1,"column":null}},"1":{"start":{"line":11,"column":0},"end":{"line":11,"column":32}},"2":{"start":{"line":12,"column":0},"end":{"line":12,"column":30}},"3":{"start":{"line":18,"column":0},"end":{"line":41,"column":null}},"4":{"start":{"line":23,"column":10},"end":{"line":23,"column":null}},"5":{"start":{"line":28,"column":10},"end":{"line":28,"column":null}},"6":{"start":{"line":34,"column":10},"end":{"line":34,"column":null}},"7":{"start":{"line":30,"column":17},"end":{"line":30,"column":24}},"8":{"start":{"line":37,"column":10},"end":{"line":37,"column":null}},"9":{"start":{"line":36,"column":19},"end":{"line":36,"column":23}},"10":{"start":{"line":40,"column":10},"end":{"line":40,"column":null}},"11":{"start":{"line":39,"column":17},"end":{"line":39,"column":21}},"12":{"start":{"line":18,"column":6},"end":{"line":41,"column":null}},"13":{"start":{"line":43,"column":0},"end":{"line":43,"column":22}}},"fnMap":{"0":{"name":"(anonymous_3)","decl":{"start":{"line":30,"column":11},"end":{"line":30,"column":14}},"loc":{"start":{"line":30,"column":17},"end":{"line":30,"column":24}}},"1":{"name":"(anonymous_4)","decl":{"start":{"line":36,"column":14},"end":{"line":36,"column":16}},"loc":{"start":{"line":36,"column":19},"end":{"line":36,"column":23}}},"2":{"name":"(anonymous_5)","decl":{"start":{"line":39,"column":13},"end":{"line":39,"column":15}},"loc":{"start":{"line":39,"column":17},"end":{"line":39,"column":21}}}},"branchMap":{},"s":{"0":3,"1":3,"2":3,"3":3,"4":3,"5":3,"6":3,"7":3,"8":3,"9":2,"10":3,"11":3,"12":3,"13":3},"f":{"0":3,"1":2,"2":3},"b":{}}
,"D:\\cursos\\Node\\CashTracker\\backend\\src\\models\\Expense.ts": {"path":"D:\\cursos\\Node\\CashTracker\\backend\\src\\models\\Expense.ts","statementMap":{"0":{"start":{"line":1,"column":0},"end":{"line":1,"column":100}},"1":{"start":{"line":2,"column":0},"end":{"line":2,"column":30}},"2":{"start":{"line":8,"column":0},"end":{"line":25,"column":null}},"3":{"start":{"line":13,"column":12},"end":{"line":13,"column":null}},"4":{"start":{"line":18,"column":12},"end":{"line":18,"column":null}},"5":{"start":{"line":21,"column":12},"end":{"line":21,"column":null}},"6":{"start":{"line":20,"column":21},"end":{"line":20,"column":27}},"7":{"start":{"line":24,"column":12},"end":{"line":24,"column":null}},"8":{"start":{"line":23,"column":19},"end":{"line":23,"column":25}},"9":{"start":{"line":8,"column":6},"end":{"line":25,"column":null}},"10":{"start":{"line":27,"column":0},"end":{"line":27,"column":null}}},"fnMap":{"0":{"name":"(anonymous_3)","decl":{"start":{"line":20,"column":16},"end":{"line":20,"column":18}},"loc":{"start":{"line":20,"column":21},"end":{"line":20,"column":27}}},"1":{"name":"(anonymous_4)","decl":{"start":{"line":23,"column":15},"end":{"line":23,"column":17}},"loc":{"start":{"line":23,"column":19},"end":{"line":23,"column":25}}}},"branchMap":{},"s":{"0":3,"1":3,"2":3,"3":3,"4":3,"5":3,"6":2,"7":3,"8":2,"9":3,"10":3},"f":{"0":2,"1":2},"b":{}}
,"D:\\cursos\\Node\\CashTracker\\backend\\src\\models\\User.ts": {"path":"D:\\cursos\\Node\\CashTracker\\backend\\src\\models\\User.ts","statementMap":{"0":{"start":{"line":2,"column":0},"end":{"line":2,"column":null}},"1":{"start":{"line":12,"column":0},"end":{"line":12,"column":30}},"2":{"start":{"line":15,"column":7},"end":{"line":47,"column":null}},"3":{"start":{"line":15,"column":13},"end":{"line":15,"column":17}},"4":{"start":{"line":20,"column":10},"end":{"line":20,"column":null}},"5":{"start":{"line":25,"column":10},"end":{"line":25,"column":null}},"6":{"start":{"line":31,"column":10},"end":{"line":31,"column":null}},"7":{"start":{"line":35,"column":10},"end":{"line":35,"column":null}},"8":{"start":{"line":40,"column":10},"end":{"line":40,"column":null}},"9":{"start":{"line":46,"column":10},"end":{"line":46,"column":null}},"10":{"start":{"line":42,"column":17},"end":{"line":42,"column":23}},"11":{"start":{"line":15,"column":13},"end":{"line":47,"column":null}}},"fnMap":{"0":{"name":"(anonymous_3)","decl":{"start":{"line":42,"column":11},"end":{"line":42,"column":14}},"loc":{"start":{"line":42,"column":17},"end":{"line":42,"column":23}}}},"branchMap":{},"s":{"0":3,"1":3,"2":3,"3":3,"4":3,"5":3,"6":3,"7":3,"8":3,"9":3,"10":2,"11":3},"f":{"0":2},"b":{}}
,"D:\\cursos\\Node\\CashTracker\\backend\\src\\routes\\authRouter.ts": {"path":"D:\\cursos\\Node\\CashTracker\\backend\\src\\routes\\authRouter.ts","statementMap":{"0":{"start":{"line":1,"column":0},"end":{"line":1,"column":33}},"1":{"start":{"line":2,"column":0},"end":{"line":2,"column":45}},"2":{"start":{"line":3,"column":0},"end":{"line":3,"column":62}},"3":{"start":{"line":4,"column":0},"end":{"line":4,"column":60}},"4":{"start":{"line":5,"column":0},"end":{"line":5,"column":43}},"5":{"start":{"line":6,"column":0},"end":{"line":6,"column":48}},"6":{"start":{"line":8,"column":15},"end":{"line":8,"column":23}},"7":{"start":{"line":10,"column":0},"end":{"line":10,"column":63}},"8":{"start":{"line":12,"column":0},"end":{"line":20,"column":null}},"9":{"start":{"line":23,"column":0},"end":{"line":29,"column":null}},"10":{"start":{"line":31,"column":0},"end":{"line":36,"column":null}},"11":{"start":{"line":38,"column":0},"end":{"line":43,"column":null}},"12":{"start":{"line":45,"column":0},"end":{"line":49,"column":null}},"13":{"start":{"line":51,"column":0},"end":{"line":63,"column":null}},"14":{"start":{"line":55,"column":9},"end":{"line":57,"column":10}},"15":{"start":{"line":56,"column":12},"end":{"line":56,"column":null}},"16":{"start":{"line":58,"column":9},"end":{"line":58,"column":null}},"17":{"start":{"line":65,"column":0},"end":{"line":68,"column":null}},"18":{"start":{"line":70,"column":0},"end":{"line":77,"column":null}},"19":{"start":{"line":79,"column":0},"end":{"line":84,"column":null}},"20":{"start":{"line":87,"column":0},"end":{"line":87,"column":null}}},"fnMap":{"0":{"name":"(anonymous_0)","decl":{"start":{"line":54,"column":41},"end":{"line":54,"column":42}},"loc":{"start":{"line":54,"column":58},"end":{"line":59,"column":5}}}},"branchMap":{"0":{"loc":{"start":{"line":55,"column":9},"end":{"line":57,"column":10}},"type":"if","locations":[{"start":{"line":55,"column":9},"end":{"line":57,"column":10}}]}},"s":{"0":1,"1":1,"2":1,"3":1,"4":1,"5":1,"6":1,"7":1,"8":1,"9":1,"10":1,"11":1,"12":1,"13":1,"14":0,"15":0,"16":0,"17":1,"18":1,"19":1,"20":1},"f":{"0":0},"b":{"0":[0]}}
,"D:\\cursos\\Node\\CashTracker\\backend\\src\\routes\\budgetRouter.ts": {"path":"D:\\cursos\\Node\\CashTracker\\backend\\src\\routes\\budgetRouter.ts","statementMap":{"0":{"start":{"line":1,"column":0},"end":{"line":1,"column":33}},"1":{"start":{"line":3,"column":0},"end":{"line":3,"column":67}},"2":{"start":{"line":4,"column":0},"end":{"line":4,"column":61}},"3":{"start":{"line":5,"column":0},"end":{"line":5,"column":null}},"4":{"start":{"line":11,"column":0},"end":{"line":11,"column":70}},"5":{"start":{"line":12,"column":0},"end":{"line":12,"column":96}},"6":{"start":{"line":13,"column":0},"end":{"line":13,"column":49}},"7":{"start":{"line":15,"column":15},"end":{"line":15,"column":23}},"8":{"start":{"line":17,"column":0},"end":{"line":17,"column":null}},"9":{"start":{"line":20,"column":0},"end":{"line":20,"column":37}},"10":{"start":{"line":21,"column":0},"end":{"line":21,"column":38}},"11":{"start":{"line":22,"column":0},"end":{"line":22,"column":95}},"12":{"start":{"line":25,"column":0},"end":{"line":25,"column":null}},"13":{"start":{"line":26,"column":0},"end":{"line":26,"column":null}},"14":{"start":{"line":30,"column":0},"end":{"line":30,"column":41}},"15":{"start":{"line":32,"column":0},"end":{"line":37,"column":2}},"16":{"start":{"line":39,"column":0},"end":{"line":39,"column":70}},"17":{"start":{"line":42,"column":0},"end":{"line":48,"column":2}},"18":{"start":{"line":51,"column":0},"end":{"line":56,"column":2}},"19":{"start":{"line":60,"column":0},"end":{"line":60,"column":61}},"20":{"start":{"line":62,"column":0},"end":{"line":67,"column":2}},"21":{"start":{"line":69,"column":0},"end":{"line":69,"column":74}},"22":{"start":{"line":71,"column":0},"end":{"line":74,"column":33}},"23":{"start":{"line":76,"column":0},"end":{"line":79,"column":32}},"24":{"start":{"line":81,"column":0},"end":{"line":81,"column":22}}},"fnMap":{},"branchMap":{},"s":{"0":1,"1":1,"2":1,"3":1,"4":1,"5":1,"6":1,"7":1,"8":1,"9":1,"10":1,"11":1,"12":1,"13":1,"14":1,"15":1,"16":1,"17":1,"18":1,"19":1,"20":1,"21":1,"22":1,"23":1,"24":1},"f":{},"b":{}}
,"D:\\cursos\\Node\\CashTracker\\backend\\src\\test\\mocks\\butgets.ts": {"path":"D:\\cursos\\Node\\CashTracker\\backend\\src\\test\\mocks\\butgets.ts","statementMap":{"0":{"start":{"line":1,"column":13},"end":{"line":55,"column":2}}},"fnMap":{},"branchMap":{},"s":{"0":3},"f":{},"b":{}}
,"D:\\cursos\\Node\\CashTracker\\backend\\src\\test\\mocks\\expenses.ts": {"path":"D:\\cursos\\Node\\CashTracker\\backend\\src\\test\\mocks\\expenses.ts","statementMap":{"0":{"start":{"line":1,"column":13},"end":{"line":26,"column":null}}},"fnMap":{},"branchMap":{},"s":{"0":2},"f":{},"b":{}}
,"D:\\cursos\\Node\\CashTracker\\backend\\src\\utils\\auth.ts": {"path":"D:\\cursos\\Node\\CashTracker\\backend\\src\\utils\\auth.ts","statementMap":{"0":{"start":{"line":3,"column":0},"end":{"line":3,"column":28}},"1":{"start":{"line":5,"column":27},"end":{"line":9,"column":1}},"2":{"start":{"line":7,"column":16},"end":{"line":7,"column":40}},"3":{"start":{"line":8,"column":4},"end":{"line":8,"column":null}},"4":{"start":{"line":5,"column":13},"end":{"line":5,"column":27}},"5":{"start":{"line":12,"column":29},"end":{"line":15,"column":1}},"6":{"start":{"line":13,"column":19},"end":{"line":13,"column":61}},"7":{"start":{"line":14,"column":4},"end":{"line":14,"column":null}},"8":{"start":{"line":12,"column":13},"end":{"line":12,"column":29}},"9":{"start":{"line":17,"column":29},"end":{"line":17,"column":88}},"10":{"start":{"line":17,"column":34},"end":{"line":17,"column":88}},"11":{"start":{"line":17,"column":13},"end":{"line":17,"column":29}}},"fnMap":{"0":{"name":"(anonymous_1)","decl":{"start":{"line":5,"column":27},"end":{"line":5,"column":32}},"loc":{"start":{"line":5,"column":52},"end":{"line":9,"column":1}}},"1":{"name":"(anonymous_2)","decl":{"start":{"line":12,"column":29},"end":{"line":12,"column":34}},"loc":{"start":{"line":12,"column":75},"end":{"line":15,"column":1}}},"2":{"name":"(anonymous_3)","decl":{"start":{"line":17,"column":29},"end":{"line":17,"column":31}},"loc":{"start":{"line":17,"column":34},"end":{"line":17,"column":88}}}},"branchMap":{},"s":{"0":2,"1":2,"2":1,"3":1,"4":2,"5":2,"6":5,"7":5,"8":2,"9":2,"10":1,"11":2},"f":{"0":1,"1":5,"2":1},"b":{}}
,"D:\\cursos\\Node\\CashTracker\\backend\\src\\utils\\jwt.ts": {"path":"D:\\cursos\\Node\\CashTracker\\backend\\src\\utils\\jwt.ts","statementMap":{"0":{"start":{"line":1,"column":0},"end":{"line":1,"column":31}},"1":{"start":{"line":4,"column":26},"end":{"line":13,"column":1}},"2":{"start":{"line":7,"column":18},"end":{"line":9,"column":6}},"3":{"start":{"line":11,"column":4},"end":{"line":11,"column":null}},"4":{"start":{"line":4,"column":13},"end":{"line":4,"column":26}}},"fnMap":{"0":{"name":"(anonymous_1)","decl":{"start":{"line":4,"column":26},"end":{"line":4,"column":27}},"loc":{"start":{"line":4,"column":47},"end":{"line":13,"column":1}}}},"branchMap":{},"s":{"0":2,"1":2,"2":5,"3":5,"4":2},"f":{"0":5},"b":{}}
,"D:\\cursos\\Node\\CashTracker\\backend\\src\\utils\\email\\authEmail.ts": {"path":"D:\\cursos\\Node\\CashTracker\\backend\\src\\utils\\email\\authEmail.ts","statementMap":{"0":{"start":{"line":1,"column":0},"end":{"line":1,"column":54}},"1":{"start":{"line":10,"column":33},"end":{"line":25,"column":3}},"2":{"start":{"line":11,"column":18},"end":{"line":22,"column":6}},"3":{"start":{"line":27,"column":33},"end":{"line":40,"column":1}},"4":{"start":{"line":28,"column":4},"end":{"line":39,"column":null}},"5":{"start":{"line":9,"column":0},"end":{"line":9,"column":13}}},"fnMap":{"0":{"name":"(anonymous_0)","decl":{"start":{"line":10,"column":33},"end":{"line":10,"column":38}},"loc":{"start":{"line":10,"column":59},"end":{"line":25,"column":3}}},"1":{"name":"(anonymous_1)","decl":{"start":{"line":27,"column":33},"end":{"line":27,"column":38}},"loc":{"start":{"line":27,"column":58},"end":{"line":40,"column":1}}}},"branchMap":{},"s":{"0":2,"1":2,"2":1,"3":2,"4":0,"5":2},"f":{"0":1,"1":0},"b":{}}
}
