TN:
SF:src\server.ts
FN:10,connectDB
FNF:1
FNH:1
FNDA:1,connectDB
DA:1,1
DA:3,1
DA:4,1
DA:5,1
DA:6,1
DA:10,1
DA:11,1
DA:12,1
DA:13,1
DA:23,1
DA:25,1
DA:27,1
DA:29,1
DA:31,1
DA:32,1
DA:34,1
LF:16
LH:16
BRF:0
BRH:0
end_of_record
TN:
SF:src\config\db.ts
FNF:0
FNH:0
DA:1,1
DA:2,1
DA:4,1
DA:6,1
LF:4
LH:4
BRF:0
BRH:0
end_of_record
TN:
SF:src\config\limiter.ts
FNF:0
FNH:0
DA:3,1
DA:6,1
LF:2
LH:2
BRDA:8,0,0,0
BRDA:8,0,1,1
BRF:2
BRH:1
end_of_record
TN:
SF:src\config\nodemailer.ts
FN:6,(anonymous_1)
FNF:1
FNH:1
FNDA:2,(anonymous_1)
DA:1,2
DA:2,2
DA:3,2
DA:6,2
DA:7,2
DA:17,2
LF:6
LH:6
BRF:0
BRH:0
end_of_record
TN:
SF:src\controllers\AuthController.ts
FN:9,(anonymous_0)
FN:49,(anonymous_1)
FN:72,(anonymous_2)
FN:109,(anonymous_3)
FN:132,(anonymous_4)
FN:148,(anonymous_5)
FN:169,(anonymous_6)
FN:173,(anonymous_7)
FN:192,(anonymous_8)
FNF:9
FNH:3
FNDA:4,(anonymous_0)
FNDA:2,(anonymous_1)
FNDA:15,(anonymous_2)
FNDA:0,(anonymous_3)
FNDA:0,(anonymous_4)
FNDA:0,(anonymous_5)
FNDA:0,(anonymous_6)
FNDA:0,(anonymous_7)
FNDA:0,(anonymous_8)
DA:2,2
DA:3,2
DA:4,2
DA:5,2
DA:8,2
DA:9,2
DA:10,4
DA:12,4
DA:14,4
DA:15,2
DA:16,2
DA:17,2
DA:20,2
DA:21,2
DA:22,2
DA:23,2
DA:25,2
DA:27,2
DA:30,2
DA:35,2
DA:41,2
DA:43,2
DA:45,0
DA:49,2
DA:50,2
DA:51,2
DA:57,2
DA:58,1
DA:59,1
DA:60,1
DA:63,1
DA:64,1
DA:66,1
DA:67,1
DA:69,1
DA:72,2
DA:73,15
DA:74,15
DA:76,15
DA:78,15
DA:79,2
DA:80,2
DA:81,2
DA:84,13
DA:85,4
DA:86,4
DA:87,4
DA:90,9
DA:92,9
DA:93,2
DA:94,2
DA:95,2
DA:100,7
DA:102,7
DA:105,0
DA:109,2
DA:110,0
DA:111,0
DA:113,0
DA:114,0
DA:115,0
DA:116,0
DA:117,0
DA:121,0
DA:122,0
DA:125,0
DA:126,0
DA:128,0
DA:132,2
DA:133,0
DA:134,0
DA:135,0
DA:136,0
DA:137,0
DA:138,0
DA:139,0
DA:142,0
DA:144,0
DA:148,2
DA:149,0
DA:150,0
DA:152,0
DA:153,0
DA:154,0
DA:155,0
DA:156,0
DA:159,0
DA:160,0
DA:161,0
DA:163,0
DA:165,0
DA:169,2
DA:170,0
DA:173,2
DA:174,0
DA:175,0
DA:177,0
DA:179,0
DA:180,0
DA:181,0
DA:182,0
DA:183,0
DA:186,0
DA:187,0
DA:189,0
DA:192,2
DA:193,0
DA:194,0
DA:196,0
DA:198,0
DA:199,0
DA:200,0
DA:201,0
DA:202,0
DA:206,0
LF:115
LH:59
BRDA:14,0,0,2
BRDA:25,1,0,2
BRDA:57,2,0,1
BRDA:78,3,0,2
BRDA:84,4,0,4
BRDA:92,5,0,2
BRDA:114,6,0,0
BRDA:136,7,0,0
BRDA:153,8,0,0
BRDA:180,9,0,0
BRDA:199,10,0,0
BRF:11
BRH:6
end_of_record
TN:
SF:src\controllers\BudgetController.ts
FN:6,(anonymous_1)
FN:26,(anonymous_2)
FN:40,(anonymous_3)
FN:51,(anonymous_4)
FN:56,(anonymous_5)
FNF:5
FNH:5
FNDA:5,(anonymous_1)
FNDA:3,(anonymous_2)
FNDA:3,(anonymous_3)
FNDA:2,(anonymous_4)
FNDA:3,(anonymous_5)
DA:2,2
DA:3,2
DA:5,2
DA:6,2
DA:8,5
DA:9,5
DA:18,4
DA:22,1
DA:26,2
DA:27,3
DA:28,3
DA:31,2
DA:32,2
DA:34,2
DA:37,1
DA:40,2
DA:44,3
DA:48,3
DA:51,2
DA:53,2
DA:54,2
DA:56,2
DA:57,3
DA:58,3
DA:60,2
DA:62,1
LF:26
LH:26
BRF:0
BRH:0
end_of_record
TN:
SF:src\controllers\ExpenseController.ts
FN:5,(anonymous_1)
FN:13,(anonymous_2)
FN:27,(anonymous_3)
FN:31,(anonymous_4)
FN:36,(anonymous_5)
FNF:5
FNH:4
FNDA:0,(anonymous_1)
FNDA:2,(anonymous_2)
FNDA:1,(anonymous_3)
FNDA:1,(anonymous_4)
FNDA:1,(anonymous_5)
DA:2,2
DA:4,2
DA:5,2
DA:6,0
DA:10,0
DA:13,2
DA:14,2
DA:15,2
DA:18,1
DA:19,1
DA:20,1
DA:23,1
DA:27,2
DA:28,1
DA:31,2
DA:32,1
DA:33,1
DA:36,2
DA:37,1
DA:38,1
DA:39,1
DA:41,0
LF:22
LH:19
BRF:0
BRH:0
end_of_record
TN:
SF:src\middleware\auth.ts
FN:13,(anonymous_1)
FNF:1
FNH:1
FNDA:16,(anonymous_1)
DA:2,1
DA:3,1
DA:13,1
DA:14,16
DA:15,16
DA:16,5
DA:17,5
DA:18,5
DA:21,11
DA:23,11
DA:24,0
DA:25,0
DA:26,0
DA:29,11
DA:31,11
DA:33,10
DA:34,10
DA:37,10
DA:40,1
LF:19
LH:16
BRDA:15,0,0,5
BRDA:23,1,0,0
BRDA:33,2,0,10
BRDA:33,3,0,10
BRDA:33,3,1,10
BRF:5
BRH:4
end_of_record
TN:
SF:src\middleware\existBuget.ts
FN:16,(anonymous_1)
FN:35,(anonymous_2)
FN:45,(anonymous_3)
FN:49,(anonymous_4)
FN:61,(anonymous_5)
FN:70,(anonymous_6)
FNF:6
FNH:6
FNDA:9,(anonymous_1)
FNDA:7,(anonymous_2)
FNDA:7,(anonymous_3)
FNDA:7,(anonymous_4)
FNDA:4,(anonymous_5)
FNDA:4,(anonymous_6)
DA:2,3
DA:3,3
DA:16,3
DA:17,9
DA:18,9
DA:19,9
DA:21,8
DA:22,3
DA:23,3
DA:24,3
DA:26,5
DA:27,5
DA:30,1
DA:35,3
DA:37,7
DA:38,2
DA:39,2
DA:40,2
DA:42,5
DA:45,3
DA:46,7
DA:49,7
DA:52,7
DA:53,7
DA:54,1
DA:55,1
DA:57,6
DA:61,3
DA:62,4
DA:65,4
DA:70,4
DA:73,4
LF:32
LH:32
BRDA:21,0,0,3
BRDA:37,1,0,2
BRDA:53,2,0,1
BRF:3
BRH:3
end_of_record
TN:
SF:src\middleware\expense.ts
FN:16,(anonymous_1)
FN:35,(anonymous_2)
FN:44,(anonymous_3)
FN:56,(anonymous_4)
FN:57,(anonymous_5)
FNF:5
FNH:1
FNDA:3,(anonymous_1)
FNDA:0,(anonymous_2)
FNDA:0,(anonymous_3)
FNDA:0,(anonymous_4)
FNDA:0,(anonymous_5)
DA:2,2
DA:3,2
DA:16,2
DA:18,3
DA:19,3
DA:20,3
DA:22,2
DA:23,1
DA:24,1
DA:26,1
DA:27,1
DA:30,1
DA:35,2
DA:36,0
DA:39,0
DA:44,0
DA:47,0
DA:48,0
DA:49,0
DA:50,0
DA:52,0
DA:56,2
DA:57,0
DA:59,0
DA:60,0
DA:61,0
DA:62,0
DA:64,0
LF:28
LH:14
BRDA:22,0,0,1
BRDA:48,1,0,0
BRDA:60,2,0,0
BRF:3
BRH:1
end_of_record
TN:
SF:src\middleware\validation.ts
FN:4,(anonymous_0)
FNF:1
FNH:1
FNDA:27,(anonymous_0)
DA:2,1
DA:4,1
DA:5,27
DA:6,27
DA:7,8
DA:8,8
DA:10,19
LF:7
LH:7
BRDA:6,0,0,8
BRF:1
BRH:1
end_of_record
TN:
SF:src\models\Budget.ts
FN:30,(anonymous_3)
FN:36,(anonymous_4)
FN:39,(anonymous_5)
FNF:3
FNH:3
FNDA:3,(anonymous_3)
FNDA:2,(anonymous_4)
FNDA:3,(anonymous_5)
DA:1,3
DA:11,3
DA:12,3
DA:18,3
DA:23,3
DA:28,3
DA:30,3
DA:34,3
DA:36,2
DA:37,3
DA:39,3
DA:40,3
DA:43,3
LF:13
LH:13
BRF:0
BRH:0
end_of_record
TN:
SF:src\models\Expense.ts
FN:20,(anonymous_3)
FN:23,(anonymous_4)
FNF:2
FNH:2
FNDA:2,(anonymous_3)
FNDA:2,(anonymous_4)
DA:1,3
DA:2,3
DA:8,3
DA:13,3
DA:18,3
DA:20,2
DA:21,3
DA:23,2
DA:24,3
DA:27,3
LF:10
LH:10
BRF:0
BRH:0
end_of_record
TN:
SF:src\models\User.ts
FN:42,(anonymous_3)
FNF:1
FNH:1
FNDA:2,(anonymous_3)
DA:2,3
DA:12,3
DA:15,3
DA:20,3
DA:25,3
DA:31,3
DA:35,3
DA:40,3
DA:42,2
DA:46,3
LF:10
LH:10
BRF:0
BRH:0
end_of_record
TN:
SF:src\routes\authRouter.ts
FN:54,(anonymous_0)
FNF:1
FNH:0
FNDA:0,(anonymous_0)
DA:1,1
DA:2,1
DA:3,1
DA:4,1
DA:5,1
DA:6,1
DA:8,1
DA:10,1
DA:12,1
DA:23,1
DA:31,1
DA:38,1
DA:45,1
DA:51,1
DA:55,0
DA:56,0
DA:58,0
DA:65,1
DA:70,1
DA:79,1
DA:87,1
LF:21
LH:18
BRDA:55,0,0,0
BRF:1
BRH:0
end_of_record
TN:
SF:src\routes\budgetRouter.ts
FNF:0
FNH:0
DA:1,1
DA:3,1
DA:4,1
DA:5,1
DA:11,1
DA:12,1
DA:13,1
DA:15,1
DA:17,1
DA:20,1
DA:21,1
DA:22,1
DA:25,1
DA:26,1
DA:30,1
DA:32,1
DA:39,1
DA:42,1
DA:51,1
DA:60,1
DA:62,1
DA:69,1
DA:71,1
DA:76,1
DA:81,1
LF:25
LH:25
BRF:0
BRH:0
end_of_record
TN:
SF:src\test\mocks\butgets.ts
FNF:0
FNH:0
DA:1,3
LF:1
LH:1
BRF:0
BRH:0
end_of_record
TN:
SF:src\test\mocks\expenses.ts
FNF:0
FNH:0
DA:1,2
LF:1
LH:1
BRF:0
BRH:0
end_of_record
TN:
SF:src\utils\auth.ts
FN:5,(anonymous_1)
FN:12,(anonymous_2)
FN:17,(anonymous_3)
FNF:3
FNH:3
FNDA:1,(anonymous_1)
FNDA:5,(anonymous_2)
FNDA:1,(anonymous_3)
DA:3,2
DA:5,2
DA:7,1
DA:8,1
DA:12,2
DA:13,5
DA:14,5
DA:17,2
LF:8
LH:8
BRF:0
BRH:0
end_of_record
TN:
SF:src\utils\jwt.ts
FN:4,(anonymous_1)
FNF:1
FNH:1
FNDA:5,(anonymous_1)
DA:1,2
DA:4,2
DA:7,5
DA:11,5
LF:4
LH:4
BRF:0
BRH:0
end_of_record
TN:
SF:src\utils\email\authEmail.ts
FN:10,(anonymous_0)
FN:27,(anonymous_1)
FNF:2
FNH:1
FNDA:1,(anonymous_0)
FNDA:0,(anonymous_1)
DA:1,2
DA:9,2
DA:10,2
DA:11,1
DA:27,2
DA:28,0
LF:6
LH:5
BRF:0
BRH:0
end_of_record
